[2016-10-07 15:23:13] main.ERROR: Database error: Unable to connect to MySQL server! Error: No connection could be made because the target machine actively refused it.  [] []
[2016-10-07 16:03:02] main.ERROR: Database error: Unable to connect to MySQL server! Error: No connection could be made because the target machine actively refused it.  [] []
[2016-10-07 16:03:28] main.ERROR: SQL error: Table 'ecommerce.cartitems' doesn't exist [] []
[2016-10-07 16:03:28] main.ERROR:  in query: SELECT * FROM cartItems WHERE sessionID='j25sski7u6coosn6q9qu0pvqq2' AND productID=2 [] []
[2016-10-07 16:08:16] main.ERROR: SQL error: Column 'quantity' cannot be null [] []
[2016-10-07 16:08:16] main.ERROR:  in query: INSERT INTO `cartItems` (`sessionID`,`productID`,`quantity`) VALUES ('j25sski7u6coosn6q9qu0pvqq2', '2', NULL) [] []
[2016-10-07 16:08:19] main.ERROR: SQL error: Column 'quantity' cannot be null [] []
[2016-10-07 16:08:19] main.ERROR:  in query: INSERT INTO `cartItems` (`sessionID`,`productID`,`quantity`) VALUES ('j25sski7u6coosn6q9qu0pvqq2', '2', NULL) [] []
[2016-10-07 16:10:32] main.ERROR: SQL error: Column 'quantity' cannot be null [] []
[2016-10-07 16:10:32] main.ERROR:  in query: INSERT INTO `cartItems` (`sessionID`,`productID`,`quantity`) VALUES ('j25sski7u6coosn6q9qu0pvqq2', '2', NULL) [] []
[2016-10-07 16:10:37] main.ERROR: SQL error: Unknown column 'products.name' in 'field list' [] []
[2016-10-07 16:10:37] main.ERROR:  in query: SELECT cartItems.ID, products.name, products.price, cartItems.quantity FROM cartItems, products WHERE products.ID = cartItems.productID AND sessionID='j25sski7u6coosn6q9qu0pvqq2' [] []
[2016-10-07 16:13:21] main.ERROR: SQL error: Unknown column 'products.name' in 'field list' [] []
[2016-10-07 16:13:21] main.ERROR:  in query: SELECT cartItems.ID, products.name, products.price, cartItems.quantity FROM cartItems, products WHERE products.ID = cartItems.productID AND sessionID='j25sski7u6coosn6q9qu0pvqq2' [] []
[2016-10-07 18:14:37] main.ERROR: Database error: Unable to connect to MySQL server! Error: Access denied for user 'cp4724_fastfood-online'@'fg.johnabbott.qc.ca' (using password: YES) [] []
[2016-10-07 18:28:06] main.ERROR: Database error: Unable to connect to MySQL server! Error: Access denied for user 'cp4724_fastfood-online'@'fg.johnabbott.qc.ca' (using password: YES) [] []
[2016-10-07 18:28:12] main.ERROR: Database error: Unable to connect to MySQL server! Error: Access denied for user 'cp4724_fastfood-online'@'fg.johnabbott.qc.ca' (using password: YES) [] []
[2016-10-07 18:32:19] main.ERROR: Database error: Unable to connect to MySQL server! Error: Access denied for user 'cp4724_fastfood-online'@'fg.johnabbott.qc.ca' (using password: YES) [] []
[2016-10-07 18:32:24] main.ERROR: Database error: Unable to connect to MySQL server! Error: Access denied for user 'cp4724_fastfood-online'@'fg.johnabbott.qc.ca' (using password: YES) [] []
[2016-10-07 18:32:27] main.ERROR: Database error: Unable to connect to MySQL server! Error: Access denied for user 'cp4724_fastfood-online'@'fg.johnabbott.qc.ca' (using password: YES) [] []
[2016-10-07 19:20:56] main.ERROR: Database error: Unable to connect to MySQL server! Error: Access denied for user 'cp4724_fastfood-online'@'fg.johnabbott.qc.ca' (using password: YES) [] []
[2016-10-07 21:30:29] main.ERROR: Database error: Unable to connect to MySQL server! Error: Access denied for user 'cp4724_fastfood'@'localhost' (using password: YES) [] []
[2016-10-07 21:30:32] main.ERROR: Database error: Unable to connect to MySQL server! Error: Access denied for user 'cp4724_fastfood'@'localhost' (using password: YES) [] []
[2016-10-07 21:31:24] main.ERROR: Database error: Unable to connect to MySQL server! Error: No connection could be made because the target machine actively refused it.  [] []
[2016-10-07 21:31:27] main.ERROR: Database error: Unable to connect to MySQL server! Error: No connection could be made because the target machine actively refused it.  [] []
[2016-10-07 21:31:33] main.ERROR: Database error: Unable to connect to MySQL server! Error: No connection could be made because the target machine actively refused it.  [] []
