[2016-10-13 21:12:05] main.ERROR: SQL error: Unknown column 'email' in 'field list' [] []
[2016-10-13 21:12:05] main.ERROR:  in query: INSERT INTO `orders` (`orderDate`,`storeID`,`customerID`,`contactFirstName`,`contactLastName`,`email`,`deliveryAddress`,`deliveryStreet`,`deliveryCity`,`deliveryCountry`,`deliveryPostalCode`,`contactPhone`,`orderAmount`,`TAX`) VALUES (NOW(), '8620', '4', 'Iurie', 'Migalatii', 'migalatii@gmail.com', '52, 8th Avenue', '52, 8th Avenue', 'Lachine', 'Canada', 'H8S3A7', '4389855642', 3.8, 0.57) [] []
[2016-10-13 21:13:26] main.ERROR: Inserted order no 96 [] []
[2016-10-13 21:18:02] main.DEBUG: Inserted order no 97 [] []
[2016-10-13 21:18:22] main.DEBUG: Inserted order no 98 [] []
[2016-10-13 21:18:39] main.DEBUG: Inserted order no 99 [] []
[2016-10-13 21:21:31] main.DEBUG: Inserted order no 100 [] []
[2016-10-13 21:21:45] main.DEBUG: Inserted order no 101 [] []
[2016-10-13 21:22:16] main.DEBUG: Inserted order no 102 [] []
[2016-10-13 21:22:23] main.DEBUG: Inserted order no 103 [] []
[2016-10-13 21:23:49] main.DEBUG: Inserted order no 104 [] []
[2016-10-13 21:24:09] main.DEBUG: Inserted order no 105 [] []
[2016-10-13 21:24:39] main.DEBUG: Inserted order no 106 [] []
[2016-10-13 21:26:01] main.DEBUG: Inserted order no 107 [] []
[2016-10-13 21:27:56] main.DEBUG: Inserted order no 108 [] []
[2016-10-13 21:30:14] main.DEBUG: Inserted order no 109 [] []
[2016-10-13 21:30:42] main.DEBUG: Inserted order no 110 [] []
[2016-10-13 21:30:56] main.DEBUG: Inserted order no 111 [] []
[2016-10-13 21:31:05] main.DEBUG: Inserted order no 112 [] []
[2016-10-13 21:31:40] main.DEBUG: Inserted order no 113 [] []
[2016-10-13 21:31:53] main.DEBUG: Inserted order no 114 [] []
[2016-10-13 21:32:03] main.DEBUG: Inserted order no 115 [] []
[2016-10-13 21:36:19] main.ERROR: SQL error: Unknown column 'orderTax' in 'field list' [] []
[2016-10-13 21:36:19] main.ERROR:  in query: INSERT INTO `orders` (`orderDate`,`storeID`,`customerID`,`contactFirstName`,`contactLastName`,`email`,`deliveryAddress`,`deliveryStreet`,`deliveryCity`,`deliveryCountry`,`deliveryPostalCode`,`contactPhone`,`orderAmount`,`orderTax`,`TAX`) VALUES (NOW(), '8620', '4', 'Iurie', 'Migalatii', 'migalatii@gmail.com', '52, 8th Avenue', '52, 8th Avenue', 'Lachine', 'Canada', 'H8S3A7', '4389855642', 0, 0, 0) [] []
[2016-10-13 21:36:49] main.ERROR: SQL error: Unknown column 'orderTax' in 'field list' [] []
[2016-10-13 21:36:49] main.ERROR:  in query: INSERT INTO `orders` (`orderDate`,`storeID`,`customerID`,`contactFirstName`,`contactLastName`,`email`,`deliveryAddress`,`deliveryStreet`,`deliveryCity`,`deliveryCountry`,`deliveryPostalCode`,`contactPhone`,`orderAmount`,`orderTax`) VALUES (NOW(), '8620', '4', 'Iurie', 'Migalatii', 'migalatii@gmail.com', '52, 8th Avenue', '52, 8th Avenue', 'Lachine', 'Canada', 'H8S3A7', '4389855642', 0, 0) [] []
[2016-10-13 21:40:19] main.DEBUG: Attempt to see the cart contents for un unauthorized user from the IP: ::1 [] []
[2016-10-13 21:40:19] main.DEBUG: Attempt to see the cart contents for un unauthorized user from the IP: ::1 [] []
[2016-10-13 21:42:37] main.DEBUG: Inserted order no 116 [] []
[2016-10-13 21:43:00] main.DEBUG: Inserted order no 117 [] []
[2016-10-13 21:52:41] main.DEBUG: Inserted order no 118 [] []
[2016-10-13 21:59:41] main.ERROR: SQL error: Column 'orderAmount' cannot be null [] []
[2016-10-13 21:59:41] main.ERROR:  in query: INSERT INTO `orders` (`orderDate`,`storeID`,`customerID`,`contactFirstName`,`contactLastName`,`email`,`deliveryAddress`,`deliveryStreet`,`deliveryCity`,`deliveryCountry`,`deliveryPostalCode`,`contactPhone`,`orderAmount`,`tax`) VALUES (NOW(), '8620', '4', 'Iurie', 'Migalatii', 'migalatii@gmail.com', '52, 8th Avenue', '52, 8th Avenue', 'Lachine', 'Canada', 'H8S3A7', '4389855642', NULL, 0) [] []
[2016-10-13 22:00:59] main.ERROR: SQL error: Column 'orderAmount' cannot be null [] []
[2016-10-13 22:00:59] main.ERROR:  in query: INSERT INTO `orders` (`orderDate`,`storeID`,`customerID`,`contactFirstName`,`contactLastName`,`email`,`deliveryAddress`,`deliveryStreet`,`deliveryCity`,`deliveryCountry`,`deliveryPostalCode`,`contactPhone`,`orderAmount`,`tax`) VALUES (NOW(), '8620', '4', 'Iurie', 'Migalatii', 'migalatii@gmail.com', '52, 8th Avenue', '52, 8th Avenue', 'Lachine', 'Canada', 'H8S3A7', '4389855642', NULL, 0) [] []
[2016-10-13 22:04:40] main.DEBUG: Attempt to see the cart contents for un unauthorized user from the IP: ::1 [] []
[2016-10-13 22:04:53] main.DEBUG: Attempt to see the cart contents for un unauthorized user from the IP: ::1 [] []
[2016-10-13 22:05:04] main.DEBUG: Attempt to see the cart contents for un unauthorized user from the IP: ::1 [] []
[2016-10-13 22:05:04] main.DEBUG: Attempt to see the cart contents for un unauthorized user from the IP: ::1 [] []
[2016-10-13 22:05:15] main.DEBUG: Inserted order no 119 [] []
[2016-10-13 22:05:15] main.ERROR: SQL error: Column 'orderAmount' cannot be null [] []
[2016-10-13 22:05:15] main.ERROR:  in query: INSERT INTO `orders` (`orderDate`,`storeID`,`customerID`,`contactFirstName`,`contactLastName`,`email`,`deliveryAddress`,`deliveryStreet`,`deliveryCity`,`deliveryCountry`,`deliveryPostalCode`,`contactPhone`,`orderAmount`,`tax`) VALUES (NOW(), '8620', '4', 'Iurie', 'Migalatii', 'migalatii@gmail.com', '52, 8th Avenue', '52, 8th Avenue', 'Lachine', 'Canada', 'H8S3A7', '4389855642', NULL, 0) [] []
[2016-10-13 22:11:35] main.DEBUG: Attempt to see the cart contents for un unauthorized user from the IP: ::1 [] []
[2016-10-13 22:11:35] main.DEBUG: Attempt to see the cart contents for un unauthorized user from the IP: ::1 [] []
[2016-10-13 22:11:42] main.DEBUG: Attempt to see the cart contents for un unauthorized user from the IP: ::1 [] []
[2016-10-13 22:11:46] main.DEBUG: Inserted order no 120 [] []
[2016-10-13 22:15:36] main.ERROR: SQL error: Column 'orderAmount' cannot be null [] []
[2016-10-13 22:15:36] main.ERROR:  in query: INSERT INTO `orders` (`orderDate`,`storeID`,`customerID`,`contactFirstName`,`contactLastName`,`email`,`deliveryAddress`,`deliveryStreet`,`deliveryCity`,`deliveryCountry`,`deliveryPostalCode`,`contactPhone`,`orderAmount`,`tax`) VALUES (NOW(), '8620', '4', 'Iurie', 'Migalatii', 'migalatii@gmail.com', '52, 8th Avenue', '52, 8th Avenue', 'Lachine', 'Canada', 'H8S3A7', '4389855642', NULL, 0) [] []
[2016-10-13 22:16:20] main.DEBUG: Attempt to see the cart contents for un unauthorized user from the IP: ::1 [] []
[2016-10-13 22:16:34] main.DEBUG: Inserted order no 121 [] []
[2016-10-13 22:17:06] main.ERROR: SQL error: Column 'orderAmount' cannot be null [] []
[2016-10-13 22:17:06] main.ERROR:  in query: INSERT INTO `orders` (`orderDate`,`storeID`,`customerID`,`contactFirstName`,`contactLastName`,`email`,`deliveryAddress`,`deliveryStreet`,`deliveryCity`,`deliveryCountry`,`deliveryPostalCode`,`contactPhone`,`orderAmount`,`tax`) VALUES (NOW(), '8620', '4', 'Iurie', 'Migalatii', 'migalatii@gmail.com', '52, 8th Avenue', '52, 8th Avenue', 'Lachine', 'Canada', 'H8S3A7', '4389855642', NULL, 0) [] []
[2016-10-13 22:20:19] main.ERROR: SQL error: Column 'orderAmount' cannot be null [] []
[2016-10-13 22:20:19] main.ERROR:  in query: INSERT INTO `orders` (`orderDate`,`storeID`,`customerID`,`contactFirstName`,`contactLastName`,`email`,`deliveryAddress`,`deliveryStreet`,`deliveryCity`,`deliveryCountry`,`deliveryPostalCode`,`contactPhone`,`orderAmount`,`tax`) VALUES (NOW(), '8620', '4', 'Iurie', 'Migalatii', 'migalatii@gmail.com', '52, 8th Avenue', '52, 8th Avenue', 'Lachine', 'Canada', 'H8S3A7', '4389855642', NULL, 0) [] []
[2016-10-13 22:20:27] main.ERROR: SQL error: Column 'orderAmount' cannot be null [] []
[2016-10-13 22:20:27] main.ERROR:  in query: INSERT INTO `orders` (`orderDate`,`storeID`,`customerID`,`contactFirstName`,`contactLastName`,`email`,`deliveryAddress`,`deliveryStreet`,`deliveryCity`,`deliveryCountry`,`deliveryPostalCode`,`contactPhone`,`orderAmount`,`tax`) VALUES (NOW(), '8620', '4', 'Iurie', 'Migalatii', 'migalatii@gmail.com', '52, 8th Avenue', '52, 8th Avenue', 'Lachine', 'Canada', 'H8S3A7', '4389855642', NULL, 0) [] []
[2016-10-13 22:23:42] main.ERROR: SQL error: Column 'orderAmount' cannot be null [] []
[2016-10-13 22:23:42] main.ERROR:  in query: INSERT INTO `orders` (`orderDate`,`storeID`,`customerID`,`contactFirstName`,`contactLastName`,`email`,`deliveryAddress`,`deliveryStreet`,`deliveryCity`,`deliveryCountry`,`deliveryPostalCode`,`contactPhone`,`orderAmount`,`tax`) VALUES (NOW(), '8620', '4', 'Iurie', 'Migalatii', 'migalatii@gmail.com', '52, 8th Avenue', '52, 8th Avenue', 'Lachine', 'Canada', 'H8S3A7', '4389855642', NULL, 0) [] []
[2016-10-13 22:23:55] main.DEBUG: Attempt to see the cart contents for un unauthorized user from the IP: ::1 [] []
[2016-10-13 22:23:59] main.DEBUG: Inserted order no 122 [] []
[2016-10-13 22:24:07] main.ERROR: SQL error: Column 'orderAmount' cannot be null [] []
[2016-10-13 22:24:07] main.ERROR:  in query: INSERT INTO `orders` (`orderDate`,`storeID`,`customerID`,`contactFirstName`,`contactLastName`,`email`,`deliveryAddress`,`deliveryStreet`,`deliveryCity`,`deliveryCountry`,`deliveryPostalCode`,`contactPhone`,`orderAmount`,`tax`) VALUES (NOW(), '8620', '4', 'Iurie', 'Migalatii', 'migalatii@gmail.com', '52, 8th Avenue', '52, 8th Avenue', 'Lachine', 'Canada', 'H8S3A7', '4389855642', NULL, 0) [] []
[2016-10-13 22:28:06] main.ERROR: SQL error: Column 'orderAmount' cannot be null [] []
[2016-10-13 22:28:06] main.ERROR:  in query: INSERT INTO `orders` (`orderDate`,`storeID`,`customerID`,`contactFirstName`,`contactLastName`,`email`,`deliveryAddress`,`deliveryStreet`,`deliveryCity`,`deliveryCountry`,`deliveryPostalCode`,`contactPhone`,`orderAmount`,`tax`) VALUES (NOW(), '15039', '4', 'Iurie', 'Migalatii', 'migalatii@gmail.com', '52, 8th Avenue', '52, 8th Avenue', 'Lachine', 'Canada', 'H8S3A7', '4389855642', NULL, 0) [] []
[2016-10-13 22:28:15] main.DEBUG: Attempt to see the cart contents for un unauthorized user from the IP: ::1 [] []
[2016-10-13 22:28:19] main.DEBUG: Inserted order no 123 [] []
[2016-10-13 22:28:25] main.ERROR: SQL error: Column 'orderAmount' cannot be null [] []
[2016-10-13 22:28:25] main.ERROR:  in query: INSERT INTO `orders` (`orderDate`,`storeID`,`customerID`,`contactFirstName`,`contactLastName`,`email`,`deliveryAddress`,`deliveryStreet`,`deliveryCity`,`deliveryCountry`,`deliveryPostalCode`,`contactPhone`,`orderAmount`,`tax`) VALUES (NOW(), '15039', '4', 'Iurie', 'Migalatii', 'migalatii@gmail.com', '52, 8th Avenue', '52, 8th Avenue', 'Lachine', 'Canada', 'H8S3A7', '4389855642', NULL, 0) [] []
[2016-10-13 22:31:48] main.ERROR: SQL error: Column 'orderAmount' cannot be null [] []
[2016-10-13 22:31:48] main.ERROR:  in query: INSERT INTO `orders` (`orderDate`,`storeID`,`customerID`,`contactFirstName`,`contactLastName`,`email`,`deliveryAddress`,`deliveryStreet`,`deliveryCity`,`deliveryCountry`,`deliveryPostalCode`,`contactPhone`,`orderAmount`,`tax`) VALUES (NOW(), '15039', '4', 'Iurie', 'Migalatii', 'migalatii@gmail.com', '52, 8th Avenue', '52, 8th Avenue', 'Lachine', 'Canada', 'H8S3A7', '4389855642', NULL, 0) [] []
[2016-10-13 22:33:09] main.DEBUG: Attempt to see the cart contents for un unauthorized user from the IP: ::1 [] []
[2016-10-13 22:33:19] main.DEBUG: Inserted order no 124 [] []
[2016-10-13 22:33:19] main.ERROR: SQL error: Column 'orderAmount' cannot be null [] []
[2016-10-13 22:33:19] main.ERROR:  in query: INSERT INTO `orders` (`orderDate`,`storeID`,`customerID`,`contactFirstName`,`contactLastName`,`email`,`deliveryAddress`,`deliveryStreet`,`deliveryCity`,`deliveryCountry`,`deliveryPostalCode`,`contactPhone`,`orderAmount`,`tax`) VALUES (NOW(), '15039', '4', 'Iurie', 'Migalatii', 'migalatii@gmail.com', '52, 8th Avenue', '52, 8th Avenue', 'Lachine', 'Canada', 'H8S3A7', '4389855642', NULL, 0) [] []
[2016-10-13 22:33:19] main.ERROR: SQL error: Column 'orderAmount' cannot be null [] []
[2016-10-13 22:33:19] main.ERROR:  in query: INSERT INTO `orders` (`orderDate`,`storeID`,`customerID`,`contactFirstName`,`contactLastName`,`email`,`deliveryAddress`,`deliveryStreet`,`deliveryCity`,`deliveryCountry`,`deliveryPostalCode`,`contactPhone`,`orderAmount`,`tax`) VALUES (NOW(), '15039', '4', 'Iurie', 'Migalatii', 'migalatii@gmail.com', '52, 8th Avenue', '52, 8th Avenue', 'Lachine', 'Canada', 'H8S3A7', '4389855642', NULL, 0) [] []
[2016-10-13 22:33:41] main.DEBUG: Attempt to see the cart contents for un unauthorized user from the IP: ::1 [] []
[2016-10-13 22:33:44] main.DEBUG: Inserted order no 125 [] []
[2016-10-13 22:33:44] main.ERROR: SQL error: Column 'orderAmount' cannot be null [] []
[2016-10-13 22:33:44] main.ERROR:  in query: INSERT INTO `orders` (`orderDate`,`storeID`,`customerID`,`contactFirstName`,`contactLastName`,`email`,`deliveryAddress`,`deliveryStreet`,`deliveryCity`,`deliveryCountry`,`deliveryPostalCode`,`contactPhone`,`orderAmount`,`tax`) VALUES (NOW(), '15039', '4', 'Iurie', 'Migalatii', 'migalatii@gmail.com', '52, 8th Avenue', '52, 8th Avenue', 'Lachine', 'Canada', 'H8S3A7', '4389855642', NULL, 0) [] []
[2016-10-13 22:35:42] main.DEBUG: Attempt to see the cart contents for un unauthorized user from the IP: ::1 [] []
[2016-10-13 22:35:44] main.DEBUG: Inserted order no 126 [] []
[2016-10-13 22:37:18] main.DEBUG: Attempt to see the cart contents for un unauthorized user from the IP: ::1 [] []
[2016-10-13 22:37:20] main.DEBUG: Inserted order no 127 [] []
[2016-10-13 22:41:09] main.DEBUG: Attempt to see the cart contents for un unauthorized user from the IP: ::1 [] []
[2016-10-13 22:44:11] main.ERROR: SQL error: Column 'storeID' cannot be null [] []
[2016-10-13 22:44:11] main.ERROR:  in query: INSERT INTO `orders` (`orderDate`,`storeID`,`customerID`,`contactFirstName`,`contactLastName`,`email`,`deliveryAddress`,`deliveryStreet`,`deliveryCity`,`deliveryCountry`,`deliveryPostalCode`,`contactPhone`,`orderAmount`,`tax`) VALUES (NOW(), NULL, '4', 'Iurie', 'Migalatii', 'migalatii@gmail.com', '52, 8th Avenue', '52, 8th Avenue', 'Lachine', 'Canada', 'H8S3A7', '4389855642', '3.8', 0.57) [] []
[2016-10-13 22:44:27] main.DEBUG: Attempt to see the cart contents for un unauthorized user from the IP: ::1 [] []
[2016-10-13 22:44:29] main.ERROR: SQL error: Column 'storeID' cannot be null [] []
[2016-10-13 22:44:29] main.ERROR:  in query: INSERT INTO `orders` (`orderDate`,`storeID`,`customerID`,`contactFirstName`,`contactLastName`,`email`,`deliveryAddress`,`deliveryStreet`,`deliveryCity`,`deliveryCountry`,`deliveryPostalCode`,`contactPhone`,`orderAmount`,`tax`) VALUES (NOW(), NULL, '4', 'Iurie', 'Migalatii', 'migalatii@gmail.com', '52, 8th Avenue', '52, 8th Avenue', 'Lachine', 'Canada', 'H8S3A7', '4389855642', '7.6', 1.14) [] []
[2016-10-13 22:52:11] main.DEBUG: Attempt to see the cart contents for un unauthorized user from the IP: ::1 [] []
[2016-10-13 22:52:22] main.DEBUG: Inserted order no 128 [] []
[2016-10-13 22:52:28] main.DEBUG: Attempt to see the cart contents for un unauthorized user from the IP: ::1 [] []
[2016-10-13 22:52:31] main.DEBUG: Inserted order no 129 [] []
[2016-10-13 22:52:59] main.DEBUG: Attempt to see the cart contents for un unauthorized user from the IP: ::1 [] []
[2016-10-13 23:03:06] main.DEBUG: Attempt to see the cart contents for un unauthorized user from the IP: ::1 [] []
[2016-10-13 23:03:09] main.DEBUG: Inserted order no 130 [] []
[2016-10-14 16:57:10] main.ERROR: Database error: Unable to connect to MySQL server! Error: No connection could be made because the target machine actively refused it.  [] []
[2016-10-14 17:02:24] main.ERROR: Database error: Unable to connect to MySQL server! Error: No connection could be made because the target machine actively refused it.  [] []
[2016-10-14 17:02:29] main.ERROR: Database error: Unable to connect to MySQL server! Error: No connection could be made because the target machine actively refused it.  [] []
[2016-10-14 17:02:31] main.ERROR: Database error: Unable to connect to MySQL server! Error: No connection could be made because the target machine actively refused it.  [] []
[2016-10-14 17:02:34] main.ERROR: Database error: Unable to connect to MySQL server! Error: No connection could be made because the target machine actively refused it.  [] []
[2016-10-14 17:09:01] main.ERROR: Database error: Unable to connect to MySQL server! Error: No connection could be made because the target machine actively refused it.  [] []
[2016-10-14 19:46:05] main.ERROR: SQL error: Duplicate entry '0-' for key 'PRIMARY' [] []
[2016-10-14 19:46:05] main.ERROR:  in query: INSERT INTO `productcategory` (`ID`,`name`,`lang`,`slugname`) VALUES (0, '', '', '') [] []
[2016-10-14 22:37:16] main.ERROR: SQL error: Unknown column 'customerFirstName' in 'field list' [] []
[2016-10-14 22:37:16] main.ERROR:  in query: SELECT ratingsreviews.ID, productID, date, review, rating, customerFirstName FROM ratingsreviews  WHERE productID=5 ORDER BY ratingsreviews.ID DESC LIMIT 0, 5 [] []
[2016-10-14 22:37:16] main.ERROR: SQL error: Unknown column 'customerFirstName' in 'field list' [] []
[2016-10-14 22:37:16] main.ERROR:  in query: SELECT ratingsreviews.ID, productID, date, review, rating, customerFirstName FROM ratingsreviews WHERE productID=5 [] []
[2016-10-14 22:38:56] main.ERROR: SQL error: Unknown column 'customerFirstName' in 'field list' [] []
[2016-10-14 22:38:56] main.ERROR:  in query: SELECT ratingsreviews.ID, productID, date, review, rating, customerFirstName FROM ratingsreviews  WHERE productID=7 ORDER BY ratingsreviews.ID DESC LIMIT 0, 5 [] []
[2016-10-14 22:38:56] main.ERROR: SQL error: Unknown column 'customerFirstName' in 'field list' [] []
[2016-10-14 22:38:56] main.ERROR:  in query: SELECT ratingsreviews.ID, productID, date, review, rating, customerFirstName FROM ratingsreviews WHERE productID=7 [] []
[2016-10-14 23:07:05] main.ERROR: SQL error: You have an error in your SQL syntax; check the manual that corresponds to your MariaDB server version for the right syntax to use near 'productcategory.name as categoryName_fr FROM products, products_i18n, productcat' at line 1 [] []
[2016-10-14 23:07:05] main.ERROR:  in query: SELECT products.ID, products.price, products.picture, products.nutritionalValue, products.isVegetarian, products_i18n.name as name_en, products_i18n.name as name_fr, products_i18n.description as description_en, products_i18n.description as description_fr, products_i18n.slugname as slugname_en, products_i18n.slugname as slugname_fr, productcategory.name as categoryName_en productcategory.name as categoryName_fr FROM products, products_i18n, productcategory WHERE products.productCategoryID = productcategory.ID AND products_i18n.lang = "fr" AND products.ID = products_i18n.productID GROUP BY products.ID ORDER BY productcategory.ID [] []
[2016-10-14 23:12:25] main.ERROR: SQL error: You have an error in your SQL syntax; check the manual that corresponds to your MariaDB server version for the right syntax to use near 'FROM products, products_i18n, productcategory WHERE products.productCategoryID =' at line 1 [] []
[2016-10-14 23:12:25] main.ERROR:  in query: SELECT products.ID, products.price, products.nutritionalValue, products.isVegetarian, products_i18n.name, products_i18n.description, products_i18n.slugname, productcategory.name, FROM products, products_i18n, productcategory WHERE products.productCategoryID = productcategory.ID AND products.ID = products_i18n.productID GROUP BY products.ID ORDER BY productcategory.ID LIMIT 1 [] []
[2016-10-14 23:12:27] main.ERROR: SQL error: You have an error in your SQL syntax; check the manual that corresponds to your MariaDB server version for the right syntax to use near 'FROM products, products_i18n, productcategory WHERE products.productCategoryID =' at line 1 [] []
[2016-10-14 23:12:27] main.ERROR:  in query: SELECT products.ID, products.price, products.nutritionalValue, products.isVegetarian, products_i18n.name, products_i18n.description, products_i18n.slugname, productcategory.name, FROM products, products_i18n, productcategory WHERE products.productCategoryID = productcategory.ID AND products.ID = products_i18n.productID GROUP BY products.ID ORDER BY productcategory.ID LIMIT 1 [] []
